#
# There is insufficient memory for the Java Runtime Environment to continue.
# Native memory allocation (malloc) failed to allocate 1211632 bytes for Chunk::new
# Possible reasons:
#   The system is out of physical RAM or swap space
#   The process is running with CompressedOops enabled, and the Java Heap may be blocking the growth of the native heap
# Possible solutions:
#   Reduce memory load on the system
#   Increase physical memory or swap space
#   Check if swap backing store is full
#   Decrease Java heap size (-Xmx/-Xms)
#   Decrease number of Java threads
#   Decrease Java thread stack sizes (-Xss)
#   Set larger code cache with -XX:ReservedCodeCacheSize=
#   JVM is running with Unscaled Compressed Oops mode in which the Java heap is
#     placed in the first 4GB address space. The Java Heap base address is the
#     maximum limit for the native heap growth. Please use -XX:HeapBaseMinAddress
#     to set the Java Heap base and to place the Java Heap above 4GB virtual address.
# This output file may be truncated or incomplete.
#
#  Out of Memory Error (allocation.cpp:389), pid=24124, tid=0x00000000000069fc
#
# JRE version: OpenJDK Runtime Environment (8.0_212-b04) (build 1.8.0_212-release-1586-b04)
# Java VM: OpenJDK 64-Bit Server VM (25.212-b04 mixed mode windows-amd64 compressed oops)
# Failed to write core dump. Minidumps are not enabled by default on client versions of Windows
#

---------------  T H R E A D  ---------------

Current thread (0x00000000164f1000):  JavaThread "C2 CompilerThread1" daemon [_thread_in_native, id=27132, stack(0x0000000017c60000,0x0000000017d60000)]

Stack: [0x0000000017c60000,0x0000000017d60000]
[error occurred during error reporting (printing stack bounds), id 0xc0000005]

Native frames: (J=compiled Java code, j=interpreted, Vv=VM code, C=native code)


Current CompileTask:
C2:1703888 18136 %     4       com.android.tools.r8.ir.regalloc.LinearScanRegisterAllocator::a @ 2115 (3993 bytes)


---------------  P R O C E S S  ---------------

Java Threads: ( => current thread )
  0x000000001a0ba000 JavaThread "ForkJoinPool.commonPool-worker-2" daemon [_thread_blocked, id=16456, stack(0x000000002a3e0000,0x000000002a4e0000)]
  0x000000001a0bd800 JavaThread "ForkJoinPool.commonPool-worker-1" daemon [_thread_blocked, id=23204, stack(0x0000000029ee0000,0x0000000029fe0000)]
  0x000000001a0bb800 JavaThread "Cache worker for Java compile cache (E:\Bai tap\Android\Message\.gradle\5.6.4\javaCompile)" [_thread_blocked, id=19976, stack(0x0000000028770000,0x0000000028870000)]
  0x000000001a0bc000 JavaThread "Cache worker for Java compile cache (C:\Users\3568\.gradle\caches\5.6.4\javaCompile)" [_thread_blocked, id=22364, stack(0x00000000257c0000,0x00000000258c0000)]
  0x000000001a0b7800 JavaThread "WorkerExecutor Queue Thread 6" [_thread_blocked, id=26224, stack(0x0000000024cc0000,0x0000000024dc0000)]
  0x000000001a0b7000 JavaThread "stdout" [_thread_in_native, id=28900, stack(0x00000000262d0000,0x00000000263d0000)]
  0x000000001a0b8800 JavaThread "stderr" [_thread_in_native, id=24216, stack(0x00000000261d0000,0x00000000262d0000)]
  0x000000001fc7b000 JavaThread "MarlinRenderer Disposer" daemon [_thread_blocked, id=30116, stack(0x00000000260d0000,0x00000000261d0000)]
  0x000000001fc7a800 JavaThread "Java2D Disposer" daemon [_thread_blocked, id=24332, stack(0x0000000025fc0000,0x00000000260c0000)]
  0x000000001fc79800 JavaThread "WorkerExecutor Queue Thread 5" [_thread_blocked, id=23608, stack(0x0000000025ec0000,0x0000000025fc0000)]
  0x000000001fc72000 JavaThread "WorkerExecutor Queue Thread 4" [_thread_blocked, id=12768, stack(0x00000000258c0000,0x00000000259c0000)]
  0x000000001fc78000 JavaThread "WorkerExecutor Queue Thread 2" [_thread_blocked, id=2820, stack(0x00000000256c0000,0x00000000257c0000)]
  0x000000001fc77800 JavaThread "stdout" [_thread_in_native, id=26056, stack(0x00000000255c0000,0x00000000256c0000)]
  0x000000001fc6f800 JavaThread "stderr" [_thread_in_native, id=8352, stack(0x00000000254c0000,0x00000000255c0000)]
  0x000000001fc76800 JavaThread "stdout" [_thread_in_native, id=29564, stack(0x00000000253c0000,0x00000000254c0000)]
  0x000000001fc76000 JavaThread "stderr" [_thread_in_native, id=9356, stack(0x00000000252c0000,0x00000000253c0000)]
  0x000000001fc6e000 JavaThread "stdout" [_thread_in_native, id=28416, stack(0x00000000251c0000,0x00000000252c0000)]
  0x000000001fc75000 JavaThread "stderr" [_thread_in_native, id=21676, stack(0x00000000250c0000,0x00000000251c0000)]
  0x000000001fc74800 JavaThread "pool-17-thread-1" [_thread_blocked, id=15832, stack(0x0000000024fc0000,0x00000000250c0000)]
  0x000000001fc6f000 JavaThread "Cache worker for execution history cache (E:\Bai tap\Android\Message\.gradle\5.6.4\executionHistory)" [_thread_blocked, id=15824, stack(0x0000000024bc0000,0x0000000024cc0000)]
  0x000000001fc6d800 JavaThread "Execution worker for ':' Thread 3" [_thread_in_Java, id=27532, stack(0x0000000024ac0000,0x0000000024bc0000)]
  0x000000001fc72800 JavaThread "Execution worker for ':' Thread 2" [_thread_in_native, id=29572, stack(0x00000000249c0000,0x0000000024ac0000)]
  0x000000001fc6c000 JavaThread "Execution worker for ':'" [_thread_in_Java, id=24180, stack(0x00000000248c0000,0x00000000249c0000)]
  0x000000001e26b800 JavaThread "Cache worker for file content cache (E:\Bai tap\Android\Message\.gradle\5.6.4\fileContent)" [_thread_blocked, id=26116, stack(0x00000000247c0000,0x00000000248c0000)]
  0x000000001e26e800 JavaThread "Cache worker for file content cache (C:\Users\3568\.gradle\caches\5.6.4\fileContent)" [_thread_blocked, id=27336, stack(0x00000000246c0000,0x00000000247c0000)]
  0x000000001e26b000 JavaThread "Cache worker for Build Output Cleanup Cache (E:\Bai tap\Android\Message\.gradle\buildOutputCleanup)" [_thread_blocked, id=9916, stack(0x0000000023d00000,0x0000000023e00000)]
  0x000000001e26e000 JavaThread "pool-5-thread-1" [_thread_blocked, id=20896, stack(0x00000000229e0000,0x0000000022ae0000)]
  0x000000001e26c800 JavaThread "Build operations Thread 4" [_thread_blocked, id=25244, stack(0x00000000226e0000,0x00000000227e0000)]
  0x000000001e26d000 JavaThread "Build operations Thread 3" [_thread_blocked, id=22288, stack(0x00000000221e0000,0x00000000222e0000)]
  0x000000001e26a000 JavaThread "Build operations Thread 2" [_thread_blocked, id=11680, stack(0x00000000220e0000,0x00000000221e0000)]
  0x000000001e262800 JavaThread "Build operations" [_thread_blocked, id=24020, stack(0x000000001ebe0000,0x000000001ece0000)]
  0x000000001e265000 JavaThread "Cache worker for cache directory md-rule (C:\Users\3568\.gradle\caches\5.6.4\md-rule)" [_thread_blocked, id=17732, stack(0x000000001e800000,0x000000001e900000)]
  0x000000001e264000 JavaThread "Cache worker for cache directory md-supplier (C:\Users\3568\.gradle\caches\5.6.4\md-supplier)" [_thread_blocked, id=29808, stack(0x000000001d650000,0x000000001d750000)]
  0x000000001e269800 JavaThread "Cache worker for file hash cache (E:\Bai tap\Android\Message\.gradle\5.6.4\fileHashes)" [_thread_blocked, id=23064, stack(0x000000001bd80000,0x000000001be80000)]
  0x000000001e268000 JavaThread "Thread-42" [_thread_blocked, id=15952, stack(0x000000001ba80000,0x000000001bb80000)]
  0x000000001e260800 JavaThread "Stdin handler" [_thread_blocked, id=28476, stack(0x000000001b980000,0x000000001ba80000)]
  0x000000001e267000 JavaThread "Asynchronous log dispatcher for DefaultDaemonConnection: socket connection from /127.0.0.1:52023 to /127.0.0.1:51029" [_thread_blocked, id=29740, stack(0x000000001b680000,0x000000001b780000)]
  0x000000001e25f800 JavaThread "Daemon worker Thread 3" [_thread_in_vm, id=27580, stack(0x000000001b580000,0x000000001b680000)]
  0x00000000181f8000 JavaThread "Cancel handler" [_thread_blocked, id=29044, stack(0x0000000000ee0000,0x0000000000fe0000)]
  0x00000000181f6000 JavaThread "Handler for socket connection from /127.0.0.1:52023 to /127.0.0.1:51029" [_thread_in_native, id=6480, stack(0x0000000000de0000,0x0000000000ee0000)]
  0x00000000181f6800 JavaThread "Daemon Thread 3" [_thread_blocked, id=22344, stack(0x0000000000ce0000,0x0000000000de0000)]
  0x000000001e262000 JavaThread "Memory manager" [_thread_blocked, id=25784, stack(0x0000000022b30000,0x0000000022c30000)]
  0x00000000181fc800 JavaThread "Cache worker for execution history cache (C:\Users\3568\.gradle\caches\5.6.4\executionHistory)" [_thread_blocked, id=3140, stack(0x00000000203a0000,0x00000000204a0000)]
  0x00000000181f9000 JavaThread "Cache worker for journal cache (C:\Users\3568\.gradle\caches\journal-1)" [_thread_blocked, id=23576, stack(0x000000001c280000,0x000000001c380000)]
  0x00000000181f7800 JavaThread "File lock request listener" [_thread_in_native, id=29296, stack(0x000000001c180000,0x000000001c280000)]
  0x000000001969c800 JavaThread "Cache worker for file hash cache (C:\Users\3568\.gradle\caches\5.6.4\fileHashes)" [_thread_blocked, id=25932, stack(0x000000001c080000,0x000000001c180000)]
  0x0000000019cef800 JavaThread "Daemon periodic checks" [_thread_blocked, id=20636, stack(0x000000001b480000,0x000000001b580000)]
  0x0000000019d20000 JavaThread "Incoming local TCP Connector on port 52023" [_thread_in_native, id=30584, stack(0x000000001b240000,0x000000001b340000)]
  0x0000000017f08000 JavaThread "Daemon health stats" [_thread_blocked, id=23956, stack(0x000000001ac00000,0x000000001ad00000)]
  0x0000000017e90800 JavaThread "Service Thread" daemon [_thread_blocked, id=16572, stack(0x0000000018260000,0x0000000018360000)]
  0x00000000164fa800 JavaThread "C1 CompilerThread2" daemon [_thread_blocked, id=2956, stack(0x0000000017d60000,0x0000000017e60000)]
=>0x00000000164f1000 JavaThread "C2 CompilerThread1" daemon [_thread_in_native, id=27132, stack(0x0000000017c60000,0x0000000017d60000)]
  0x00000000164ed800 JavaThread "C2 CompilerThread0" daemon [_thread_in_native, id=14532, stack(0x0000000017b60000,0x0000000017c60000)]
  0x00000000164eb000 JavaThread "Attach Listener" daemon [_thread_blocked, id=29844, stack(0x0000000017a60000,0x0000000017b60000)]
  0x00000000164e9800 JavaThread "Signal Dispatcher" daemon [_thread_blocked, id=26424, stack(0x0000000017960000,0x0000000017a60000)]
  0x0000000002b7b800 JavaThread "Finalizer" daemon [_thread_blocked, id=15632, stack(0x0000000017760000,0x0000000017860000)]
  0x00000000164d9000 JavaThread "Reference Handler" daemon [_thread_blocked, id=26684, stack(0x0000000017660000,0x0000000017760000)]
  0x0000000002a82800 JavaThread "main" [_thread_blocked, id=27256, stack(0x0000000002980000,0x0000000002a80000)]

Other Threads:
  0x00000000164b7000 VMThread [stack: 0x0000000017560000,0x0000000017660000] [id=15112]
  0x000000001654a000 WatcherThread [stack: 0x0000000018360000,0x0000000018460000] [id=11988]

VM state:not at safepoint (normal execution)

VM Mutex/Monitor currently owned by a thread: None

heap address: 0x00000000a0000000, size: 1536 MB, Compressed Oops mode: 32-bit
Narrow klass base: 0x0000000000000000, Narrow klass shift: 3
Compressed class space size: 1073741824 Address: 0x0000000100000000

Heap:
 PSYoungGen      total 210432K, used 141209K [0x00000000e0000000, 0x00000000ef680000, 0x0000000100000000)
  eden space 184320K, 73% used [0x00000000e0000000,0x00000000e83b4890,0x00000000eb400000)
  from space 26112K, 24% used [0x00000000ecd80000,0x00000000ed3b1f58,0x00000000ee700000)
  to   space 26112K, 0% used [0x00000000eb400000,0x00000000eb400000,0x00000000ecd80000)
 ParOldGen       total 198656K, used 55140K [0x00000000a0000000, 0x00000000ac200000, 0x00000000e0000000)
  object space 198656K, 27% used [0x00000000a0000000,0x00000000a35d91b0,0x00000000ac200000)
 Metaspace       used 98856K, capacity 102902K, committed 104064K, reserved 1140736K
  class space    used 12666K, capacity 13451K, committed 13696K, reserved 1048576K

Card table byte_map: [0x0000000011f40000,0x0000000012250000] byte_map_base: 0x0000000011a40000

Marking Bits: (ParMarkBitMap*) 0x00000000702f9f30
 Begin Bits: [0x0000000012850000, 0x0000000014050000)
 End Bits:   [0x0000000014050000, 0x0000000015850000)

Polling page: 0x0000000001070000

CodeCache: size=245760Kb used=55139Kb max_used=55139Kb free=190620Kb
 bounds [0x0000000002b80000, 0x00000000061a0000, 0x0000000011b80000]
 total_blobs=17110 nmethods=16101 adapters=920
 compilation: enabled

Compilation events (10 events):
Event: 1703.855 Thread 0x00000000164fa800 nmethod 18974% 0x000000000617aa50 code [0x000000000617ac40, 0x000000000617b808]
Event: 1703.855 Thread 0x00000000164fa800 18975 %     3       com.android.tools.r8.B.a.a.f::a @ 12 (148 bytes)
Event: 1703.856 Thread 0x00000000164fa800 nmethod 18975% 0x000000000617bd90 code [0x000000000617bf40, 0x000000000617c4c8]
Event: 1703.856 Thread 0x00000000164fa800 18976       2       com.android.tools.r8.graph.s0$a::a (22 bytes)
Event: 1703.856 Thread 0x00000000164fa800 nmethod 18976 0x000000000617c8d0 code [0x000000000617ca40, 0x000000000617cda8]
Event: 1703.856 Thread 0x00000000164fa800 18977       2       com.android.tools.r8.s.a.a.b.A::iterator (23 bytes)
Event: 1703.857 Thread 0x00000000164fa800 nmethod 18977 0x000000000617cf50 code [0x000000000617d0c0, 0x000000000617d368]
Event: 1703.857 Thread 0x00000000164fa800 18978       2       com.android.tools.r8.s.a.a.b.z::<init> (11 bytes)
Event: 1703.857 Thread 0x00000000164fa800 nmethod 18978 0x000000000617d4d0 code [0x000000000617d640, 0x000000000617d808]
Event: 1703.857 Thread 0x00000000164fa800 18979       2       com.android.tools.r8.s.a.a.b.a::<init> (7 bytes)

GC Heap History (10 events):
Event: 1693.565 GC heap before
{Heap before GC invocations=24 (full 3):
 PSYoungGen      total 189952K, used 189943K [0x00000000e0000000, 0x00000000eeb00000, 0x0000000100000000)
  eden space 175616K, 100% used [0x00000000e0000000,0x00000000eab80000,0x00000000eab80000)
  from space 14336K, 99% used [0x00000000edd00000,0x00000000eeafde60,0x00000000eeb00000)
  to   space 20992K, 0% used [0x00000000ec200000,0x00000000ec200000,0x00000000ed680000)
 ParOldGen       total 132096K, used 56778K [0x00000000a0000000, 0x00000000a8100000, 0x00000000e0000000)
  object space 132096K, 42% used [0x00000000a0000000,0x00000000a3772858,0x00000000a8100000)
 Metaspace       used 84447K, capacity 88408K, committed 88576K, reserved 1126400K
  class space    used 10877K, capacity 11735K, committed 11776K, reserved 1048576K
Event: 1693.597 GC heap after
Heap after GC invocations=24 (full 3):
 PSYoungGen      total 186368K, used 16023K [0x00000000e0000000, 0x00000000edd80000, 0x0000000100000000)
  eden space 169984K, 0% used [0x00000000e0000000,0x00000000e0000000,0x00000000ea600000)
  from space 16384K, 97% used [0x00000000ec200000,0x00000000ed1a5c58,0x00000000ed200000)
  to   space 11776K, 0% used [0x00000000ed200000,0x00000000ed200000,0x00000000edd80000)
 ParOldGen       total 132096K, used 56786K [0x00000000a0000000, 0x00000000a8100000, 0x00000000e0000000)
  object space 132096K, 42% used [0x00000000a0000000,0x00000000a3774858,0x00000000a8100000)
 Metaspace       used 84447K, capacity 88408K, committed 88576K, reserved 1126400K
  class space    used 10877K, capacity 11735K, committed 11776K, reserved 1048576K
}
Event: 1699.105 GC heap before
{Heap before GC invocations=25 (full 3):
 PSYoungGen      total 186368K, used 136745K [0x00000000e0000000, 0x00000000edd80000, 0x0000000100000000)
  eden space 169984K, 71% used [0x00000000e0000000,0x00000000e75e4a98,0x00000000ea600000)
  from space 16384K, 97% used [0x00000000ec200000,0x00000000ed1a5c58,0x00000000ed200000)
  to   space 11776K, 0% used [0x00000000ed200000,0x00000000ed200000,0x00000000edd80000)
 ParOldGen       total 132096K, used 56786K [0x00000000a0000000, 0x00000000a8100000, 0x00000000e0000000)
  object space 132096K, 42% used [0x00000000a0000000,0x00000000a3774858,0x00000000a8100000)
 Metaspace       used 94008K, capacity 98434K, committed 98560K, reserved 1134592K
  class space    used 12160K, capacity 13062K, committed 13184K, reserved 1048576K
Event: 1699.131 GC heap after
Heap after GC invocations=25 (full 3):
 PSYoungGen      total 176640K, used 11763K [0x00000000e0000000, 0x00000000edd80000, 0x0000000100000000)
  eden space 164864K, 0% used [0x00000000e0000000,0x00000000e0000000,0x00000000ea100000)
  from space 11776K, 99% used [0x00000000ed200000,0x00000000edd7cd40,0x00000000edd80000)
  to   space 26624K, 0% used [0x00000000ea980000,0x00000000ea980000,0x00000000ec380000)
 ParOldGen       total 132096K, used 72217K [0x00000000a0000000, 0x00000000a8100000, 0x00000000e0000000)
  object space 132096K, 54% used [0x00000000a0000000,0x00000000a4686428,0x00000000a8100000)
 Metaspace       used 94008K, capacity 98434K, committed 98560K, reserved 1134592K
  class space    used 12160K, capacity 13062K, committed 13184K, reserved 1048576K
}
Event: 1699.131 GC heap before
{Heap before GC invocations=26 (full 4):
 PSYoungGen      total 176640K, used 11763K [0x00000000e0000000, 0x00000000edd80000, 0x0000000100000000)
  eden space 164864K, 0% used [0x00000000e0000000,0x00000000e0000000,0x00000000ea100000)
  from space 11776K, 99% used [0x00000000ed200000,0x00000000edd7cd40,0x00000000edd80000)
  to   space 26624K, 0% used [0x00000000ea980000,0x00000000ea980000,0x00000000ec380000)
 ParOldGen       total 132096K, used 72217K [0x00000000a0000000, 0x00000000a8100000, 0x00000000e0000000)
  object space 132096K, 54% used [0x00000000a0000000,0x00000000a4686428,0x00000000a8100000)
 Metaspace       used 94008K, capacity 98434K, committed 98560K, reserved 1134592K
  class space    used 12160K, capacity 13062K, committed 13184K, reserved 1048576K
Event: 1699.890 GC heap after
Heap after GC invocations=26 (full 4):
 PSYoungGen      total 176640K, used 0K [0x00000000e0000000, 0x00000000edd80000, 0x0000000100000000)
  eden space 164864K, 0% used [0x00000000e0000000,0x00000000e0000000,0x00000000ea100000)
  from space 11776K, 0% used [0x00000000ed200000,0x00000000ed200000,0x00000000edd80000)
  to   space 26624K, 0% used [0x00000000ea980000,0x00000000ea980000,0x00000000ec380000)
 ParOldGen       total 198656K, used 55124K [0x00000000a0000000, 0x00000000ac200000, 0x00000000e0000000)
  object space 198656K, 27% used [0x00000000a0000000,0x00000000a35d51b0,0x00000000ac200000)
 Metaspace       used 92725K, capacity 95882K, committed 98560K, reserved 1134592K
  class space    used 11883K, capacity 12547K, committed 13184K, reserved 1048576K
}
Event: 1702.524 GC heap before
{Heap before GC invocations=27 (full 4):
 PSYoungGen      total 176640K, used 164864K [0x00000000e0000000, 0x00000000edd80000, 0x0000000100000000)
  eden space 164864K, 100% used [0x00000000e0000000,0x00000000ea100000,0x00000000ea100000)
  from space 11776K, 0% used [0x00000000ed200000,0x00000000ed200000,0x00000000edd80000)
  to   space 26624K, 0% used [0x00000000ea980000,0x00000000ea980000,0x00000000ec380000)
 ParOldGen       total 198656K, used 55124K [0x00000000a0000000, 0x00000000ac200000, 0x00000000e0000000)
  object space 198656K, 27% used [0x00000000a0000000,0x00000000a35d51b0,0x00000000ac200000)
 Metaspace       used 98204K, capacity 102186K, committed 103552K, reserved 1138688K
  class space    used 12642K, capacity 13411K, committed 13696K, reserved 1048576K
Event: 1702.542 GC heap after
Heap after GC invocations=27 (full 4):
 PSYoungGen      total 200192K, used 7206K [0x00000000e0000000, 0x00000000ee700000, 0x0000000100000000)
  eden space 173568K, 0% used [0x00000000e0000000,0x00000000e0000000,0x00000000ea980000)
  from space 26624K, 27% used [0x00000000ea980000,0x00000000eb089b60,0x00000000ec380000)
  to   space 26112K, 0% used [0x00000000ecd80000,0x00000000ecd80000,0x00000000ee700000)
 ParOldGen       total 198656K, used 55132K [0x00000000a0000000, 0x00000000ac200000, 0x00000000e0000000)
  object space 198656K, 27% used [0x00000000a0000000,0x00000000a35d71b0,0x00000000ac200000)
 Metaspace       used 98204K, capacity 102186K, committed 103552K, reserved 1138688K
  class space    used 12642K, capacity 13411K, committed 13696K, reserved 1048576K
}
Event: 1703.484 GC heap before
{Heap before GC invocations=28 (full 4):
 PSYoungGen      total 200192K, used 180774K [0x00000000e0000000, 0x00000000ee700000, 0x0000000100000000)
  eden space 173568K, 100% used [0x00000000e0000000,0x00000000ea980000,0x00000000ea980000)
  from space 26624K, 27% used [0x00000000ea980000,0x00000000eb089b60,0x00000000ec380000)
  to   space 26112K, 0% used [0x00000000ecd80000,0x00000000ecd80000,0x00000000ee700000)
 ParOldGen       total 198656K, used 55132K [0x00000000a0000000, 0x00000000ac200000, 0x00000000e0000000)
  object space 198656K, 27% used [0x00000000a0000000,0x00000000a35d71b0,0x00000000ac200000)
 Metaspace       used 98685K, capacity 102666K, committed 103808K, reserved 1138688K
  class space    used 12660K, capacity 13447K, committed 13696K, reserved 1048576K
Event: 1703.503 GC heap after
Heap after GC invocations=28 (full 4):
 PSYoungGen      total 210432K, used 6343K [0x00000000e0000000, 0x00000000ef680000, 0x0000000100000000)
  eden space 184320K, 0% used [0x00000000e0000000,0x00000000e0000000,0x00000000eb400000)
  from space 26112K, 24% used [0x00000000ecd80000,0x00000000ed3b1f58,0x00000000ee700000)
  to   space 26112K, 0% used [0x00000000eb400000,0x00000000eb400000,0x00000000ecd80000)
 ParOldGen       total 198656K, used 55140K [0x00000000a0000000, 0x00000000ac200000, 0x00000000e0000000)
  object space 198656K, 27% used [0x00000000a0000000,0x00000000a35d91b0,0x00000000ac200000)
 Metaspace       used 98685K, capacity 102666K, committed 103808K, reserved 1138688K
  class space    used 12660K, capacity 13447K, committed 13696K, reserved 1048576K
}

Deoptimization events (10 events):
Event: 1703.702 Thread 0x000000001fc6c000 Uncommon trap: reason=unstable_if action=reinterpret pc=0x0000000005ee2a4c method=com.android.tools.r8.u.c.o.c(Lcom/android/tools/r8/u/c/M;)Lcom/android/tools/r8/u/b/r; @ 4
Event: 1703.835 Thread 0x000000001fc6d800 Uncommon trap: reason=unstable_if action=reinterpret pc=0x000000000442c7e4 method=com.android.tools.r8.B.a.a.f.a(II[C)Ljava/lang/String; @ 32
Event: 1703.835 Thread 0x000000001fc6d800 Uncommon trap: reason=unstable_if action=reinterpret pc=0x00000000056cee50 method=com.android.tools.r8.graph.d0.a(C)I @ 7
Event: 1703.836 Thread 0x000000001fc6d800 Uncommon trap: reason=unstable_if action=reinterpret pc=0x0000000005668f04 method=com.android.tools.r8.graph.d0.a(C[BI)I @ 7
Event: 1703.842 Thread 0x000000001fc6c000 Uncommon trap: reason=class_check action=maybe_recompile pc=0x00000000060faad0 method=com.android.tools.r8.u.b.l.b(Lcom/android/tools/r8/u/b/l;)Z @ 29
Event: 1703.844 Thread 0x000000001fc6c000 Uncommon trap: reason=class_check action=maybe_recompile pc=0x00000000060faad0 method=com.android.tools.r8.u.b.l.b(Lcom/android/tools/r8/u/b/l;)Z @ 29
Event: 1703.844 Thread 0x000000001fc6c000 Uncommon trap: reason=class_check action=maybe_recompile pc=0x00000000060faad0 method=com.android.tools.r8.u.b.l.b(Lcom/android/tools/r8/u/b/l;)Z @ 29
Event: 1703.844 Thread 0x000000001fc6c000 Uncommon trap: reason=class_check action=maybe_recompile pc=0x00000000060faad0 method=com.android.tools.r8.u.b.l.b(Lcom/android/tools/r8/u/b/l;)Z @ 29
Event: 1703.853 Thread 0x000000001fc6d800 Uncommon trap: reason=unstable_if action=reinterpret pc=0x0000000004c170a8 method=com.android.tools.r8.B.a.a.f.a(II[C)Ljava/lang/String; @ 32
Event: 1703.853 Thread 0x000000001fc6d800 Uncommon trap: reason=unstable_if action=reinterpret pc=0x000000000568f4c0 method=com.android.tools.r8.graph.d0.a(C)I @ 7

Classes redefined (0 events):
No events

Internal exceptions (10 events):
Event: 1703.026 Thread 0x000000001fc6d800 Exception <a 'sun/nio/fs/WindowsException'> (0x00000000e4e15718) thrown at [D:\src\AOSP-openjdk-cygwin\jdk8u\hotspot\src\share\vm\prims\jni.cpp, line 710]
Event: 1703.031 Thread 0x000000001fc6c000 Exception <a 'sun/nio/fs/WindowsException'> (0x00000000e1fae3f8) thrown at [D:\src\AOSP-openjdk-cygwin\jdk8u\hotspot\src\share\vm\prims\jni.cpp, line 710]
Event: 1703.079 Thread 0x000000001fc6c000 Exception <a 'sun/nio/fs/WindowsException'> (0x00000000e5bb80c8) thrown at [D:\src\AOSP-openjdk-cygwin\jdk8u\hotspot\src\share\vm\prims\jni.cpp, line 710]
Event: 1703.114 Thread 0x000000001fc72800 Exception <a 'sun/nio/fs/WindowsException'> (0x00000000e5ee4f90) thrown at [D:\src\AOSP-openjdk-cygwin\jdk8u\hotspot\src\share\vm\prims\jni.cpp, line 710]
Event: 1703.165 Thread 0x000000001fc6d800 Exception <a 'sun/nio/fs/WindowsException'> (0x00000000e66cc910) thrown at [D:\src\AOSP-openjdk-cygwin\jdk8u\hotspot\src\share\vm\prims\jni.cpp, line 710]
Event: 1703.207 Thread 0x000000001fc72800 Exception <a 'sun/nio/fs/WindowsException'> (0x00000000e71c0780) thrown at [D:\src\AOSP-openjdk-cygwin\jdk8u\hotspot\src\share\vm\prims\jni.cpp, line 710]
Event: 1703.208 Thread 0x000000001fc6c000 Exception <a 'sun/nio/fs/WindowsException'> (0x00000000e71ee630) thrown at [D:\src\AOSP-openjdk-cygwin\jdk8u\hotspot\src\share\vm\prims\jni.cpp, line 710]
Event: 1703.258 Thread 0x000000001fc6d800 Exception <a 'sun/nio/fs/WindowsException'> (0x00000000e7c9e918) thrown at [D:\src\AOSP-openjdk-cygwin\jdk8u\hotspot\src\share\vm\prims\jni.cpp, line 710]
Event: 1703.676 Thread 0x000000001fc72800 Exception <a 'sun/nio/fs/WindowsException'> (0x00000000e323acd8) thrown at [D:\src\AOSP-openjdk-cygwin\jdk8u\hotspot\src\share\vm\prims\jni.cpp, line 710]
Event: 1703.797 Thread 0x000000001fc6d800 Exception <a 'sun/nio/fs/WindowsException'> (0x00000000e5b63120) thrown at [D:\src\AOSP-openjdk-cygwin\jdk8u\hotspot\src\share\vm\prims\jni.cpp, line 710]

Events (10 events):
Event: 1703.844 Thread 0x000000001fc6c000 DEOPT PACKING pc=0x00000000060faad0 sp=0x00000000249b9c30
Event: 1703.844 Thread 0x000000001fc6c000 DEOPT UNPACKING pc=0x0000000002bc557b sp=0x00000000249b9c10 mode 2
Event: 1703.852 Thread 0x000000001fc6c000 DEOPT PACKING pc=0x000000000378e008 sp=0x00000000249baa00
Event: 1703.852 Thread 0x000000001fc6c000 DEOPT UNPACKING pc=0x0000000002bc75d0 sp=0x00000000249ba810 mode 0
Event: 1703.853 Thread 0x000000001fc6d800 Uncommon trap: trap_request=0xffffff65 fr.pc=0x0000000004c170a8
Event: 1703.853 Thread 0x000000001fc6d800 DEOPT PACKING pc=0x0000000004c170a8 sp=0x0000000024bba640
Event: 1703.853 Thread 0x000000001fc6d800 DEOPT UNPACKING pc=0x0000000002bc557b sp=0x0000000024bba5f8 mode 2
Event: 1703.853 Thread 0x000000001fc6d800 Uncommon trap: trap_request=0xffffff65 fr.pc=0x000000000568f4c0
Event: 1703.853 Thread 0x000000001fc6d800 DEOPT PACKING pc=0x000000000568f4c0 sp=0x0000000024bba590
Event: 1703.853 Thread 0x000000001fc6d800 DEOPT UNPACKING pc=0x0000000002bc557b sp=0x0000000024bba4d0 mode 2


Dynamic libraries:
0x00007ff6bc5a0000 - 0x00007ff6bc5d1000 	C:\Program Files\Android\Android Studio\jre\bin\java.exe
0x00007ffd4b540000 - 0x00007ffd4b730000 	C:\Windows\SYSTEM32\ntdll.dll
0x00007ffd4a930000 - 0x00007ffd4a9e2000 	C:\Windows\System32\KERNEL32.DLL
0x00007ffd48f90000 - 0x00007ffd49233000 	C:\Windows\System32\KERNELBASE.dll
0x00007ffd497e0000 - 0x00007ffd49883000 	C:\Windows\System32\ADVAPI32.dll
0x00007ffd4a860000 - 0x00007ffd4a8fe000 	C:\Windows\System32\msvcrt.dll
0x00007ffd4ae10000 - 0x00007ffd4aea7000 	C:\Windows\System32\sechost.dll
0x00007ffd49f90000 - 0x00007ffd4a0b0000 	C:\Windows\System32\RPCRT4.dll
0x00007ffd495f0000 - 0x00007ffd49784000 	C:\Windows\System32\USER32.dll
0x00007ffd49470000 - 0x00007ffd49491000 	C:\Windows\System32\win32u.dll
0x00007ffd4a900000 - 0x00007ffd4a926000 	C:\Windows\System32\GDI32.dll
0x00007ffd484d0000 - 0x00007ffd48664000 	C:\Windows\System32\gdi32full.dll
0x00007ffd48e90000 - 0x00007ffd48f2e000 	C:\Windows\System32\msvcp_win.dll
0x00007ffd492c0000 - 0x00007ffd493ba000 	C:\Windows\System32\ucrtbase.dll
0x00007ffd3c210000 - 0x00007ffd3c495000 	C:\Windows\WinSxS\amd64_microsoft.windows.common-controls_6595b64144ccf1df_6.0.18362.778_none_e6c6b761130d4fb8\COMCTL32.dll
0x00007ffd4a0b0000 - 0x00007ffd4a3e6000 	C:\Windows\System32\combase.dll
0x00007ffd49240000 - 0x00007ffd492c0000 	C:\Windows\System32\bcryptPrimitives.dll
0x00007ffd497b0000 - 0x00007ffd497de000 	C:\Windows\System32\IMM32.DLL
0x00000000706e0000 - 0x00000000707b2000 	C:\Program Files\Android\Android Studio\jre\jre\bin\msvcr100.dll
0x000000006fb30000 - 0x0000000070376000 	C:\Program Files\Android\Android Studio\jre\jre\bin\server\jvm.dll
0x00007ffd4b4f0000 - 0x00007ffd4b4f8000 	C:\Windows\System32\PSAPI.DLL
0x00007ffd42a40000 - 0x00007ffd42a4a000 	C:\Windows\SYSTEM32\VERSION.dll
0x00007ffd45a90000 - 0x00007ffd45ab4000 	C:\Windows\SYSTEM32\WINMM.dll
0x00007ffd3cf20000 - 0x00007ffd3cf29000 	C:\Windows\SYSTEM32\WSOCK32.dll
0x00007ffd4b400000 - 0x00007ffd4b46f000 	C:\Windows\System32\WS2_32.dll
0x00007ffd45a60000 - 0x00007ffd45a8d000 	C:\Windows\SYSTEM32\winmmbase.dll
0x00007ffd48e40000 - 0x00007ffd48e8a000 	C:\Windows\System32\cfgmgr32.dll
0x00007ffd3bc90000 - 0x00007ffd3bc9f000 	C:\Program Files\Android\Android Studio\jre\jre\bin\verify.dll
0x00007ffd127b0000 - 0x00007ffd127d9000 	C:\Program Files\Android\Android Studio\jre\jre\bin\java.dll
0x00007ffd1f140000 - 0x00007ffd1f156000 	C:\Program Files\Android\Android Studio\jre\jre\bin\zip.dll
0x00007ffd498a0000 - 0x00007ffd49f85000 	C:\Windows\System32\SHELL32.dll
0x00007ffd4b350000 - 0x00007ffd4b3f9000 	C:\Windows\System32\shcore.dll
0x00007ffd48670000 - 0x00007ffd48df0000 	C:\Windows\System32\windows.storage.dll
0x00007ffd48410000 - 0x00007ffd48433000 	C:\Windows\System32\profapi.dll
0x00007ffd48480000 - 0x00007ffd484ca000 	C:\Windows\System32\powrprof.dll
0x00007ffd48400000 - 0x00007ffd48410000 	C:\Windows\System32\UMPDC.dll
0x00007ffd4b000000 - 0x00007ffd4b052000 	C:\Windows\System32\shlwapi.dll
0x00007ffd48460000 - 0x00007ffd48471000 	C:\Windows\System32\kernel.appcore.dll
0x00007ffd48e20000 - 0x00007ffd48e37000 	C:\Windows\System32\cryptsp.dll
0x00007ffd12790000 - 0x00007ffd127aa000 	C:\Program Files\Android\Android Studio\jre\jre\bin\net.dll
0x00007ffd34210000 - 0x00007ffd343e5000 	C:\Windows\SYSTEM32\urlmon.dll
0x00007ffd3a690000 - 0x00007ffd3a936000 	C:\Windows\SYSTEM32\iertutil.dll
0x00007ffd47e40000 - 0x00007ffd47e4c000 	C:\Windows\SYSTEM32\CRYPTBASE.DLL
0x00007ffd47c70000 - 0x00007ffd47cd7000 	C:\Windows\system32\mswsock.dll
0x00007ffd12770000 - 0x00007ffd12783000 	C:\Program Files\Android\Android Studio\jre\jre\bin\nio.dll
0x00007ffd3d000000 - 0x00007ffd3d026000 	C:\Users\3568\.gradle\native\30\windows-amd64\native-platform.dll
0x00007ffd3bc80000 - 0x00007ffd3bc8d000 	C:\Program Files\Android\Android Studio\jre\jre\bin\management.dll
0x00007ffd477e0000 - 0x00007ffd47813000 	C:\Windows\system32\rsaenh.dll
0x00007ffd48df0000 - 0x00007ffd48e16000 	C:\Windows\System32\bcrypt.dll
0x00007ffd48320000 - 0x00007ffd48345000 	C:\Windows\SYSTEM32\USERENV.dll
0x00007ffd47980000 - 0x00007ffd479ba000 	C:\Windows\SYSTEM32\IPHLPAPI.DLL
0x00007ffd4aeb0000 - 0x00007ffd4aeb8000 	C:\Windows\System32\NSI.dll
0x00007ffd41570000 - 0x00007ffd41586000 	C:\Windows\SYSTEM32\dhcpcsvc6.DLL
0x00007ffd41550000 - 0x00007ffd4156c000 	C:\Windows\SYSTEM32\dhcpcsvc.DLL
0x00007ffd479c0000 - 0x00007ffd47a8a000 	C:\Windows\SYSTEM32\DNSAPI.dll
0x00007ffd47460000 - 0x00007ffd47491000 	C:\Windows\SYSTEM32\ntmarta.dll
0x00007ffd45cc0000 - 0x00007ffd45d4f000 	C:\Windows\system32\apphelp.dll
0x00007ffce6170000 - 0x00007ffce630c000 	C:\Program Files\Android\Android Studio\jre\jre\bin\awt.dll
0x00007ffd4a9f0000 - 0x00007ffd4aab4000 	C:\Windows\System32\OLEAUT32.dll
0x00007ffd46570000 - 0x00007ffd4659d000 	C:\Windows\SYSTEM32\dwmapi.dll
0x00007ffd3f300000 - 0x00007ffd3f8c0000 	C:\Windows\SYSTEM32\d2d1.dll
0x00007ffd462f0000 - 0x00007ffd46389000 	C:\Windows\system32\uxtheme.dll

VM Arguments:
jvm_args: -Xmx1536m -Dfile.encoding=windows-1252 -Duser.country=US -Duser.language=en -Duser.variant 
java_command: org.gradle.launcher.daemon.bootstrap.GradleDaemon 5.6.4
java_class_path (initial): C:\Users\3568\.gradle\wrapper\dists\gradle-5.6.4-all\ankdp27end7byghfw1q2sw75f\gradle-5.6.4\lib\gradle-launcher-5.6.4.jar
Launcher Type: SUN_STANDARD

Environment Variables:
JAVA_HOME=C:\Program Files\Java\jdk-13.0.1
PATH=C:\Program Files (x86)\Common Files\Intel\Shared Libraries\redist\intel64\compiler;C:\Program Files (x86)\Common Files\Oracle\Java\javapath;C:\Windows\system32;C:\Windows;C:\Windows\System32\Wbem;C:\Windows\System32\WindowsPowerShell\v1.0\;C:\Windows\System32\OpenSSH\;C:\Program Files\dotnet\;C:\Program Files\Microsoft SQL Server\130\Tools\Binn\;C:\Program Files\Microsoft SQL Server\Client SDK\ODBC\130\Tools\Binn\;C:\Program Files (x86)\Microsoft SQL Server\140\Tools\Binn\;C:\Program Files\Microsoft SQL Server\140\Tools\Binn\;C:\Program Files\Microsoft SQL Server\140\DTS\Binn\;C:\Program Files (x86)\Microsoft SQL Server\150\DTS\Binn\;C:\Program Files\Microsoft SQL Server\Client SDK\ODBC\170\Tools\Binn\;E:\xampp\php;C:\composer;C:\Program Files\Git\cmd;C:\Users\3568\AppData\Local\Microsoft\WindowsApps;C:\Users\3568\AppData\Roaming\Dashlane\6.1946.0.26096\bin\Firefox_Extension\{442718d9-475e-452a-b3e1-fb1ee16b8e9f}\components;C:\Users\3568\AppData\Roaming\Dashlane\6.1946.0.26096\ucrt;C:\Users\3568\AppData\Roaming\Dashlane\6.1946.0.26096\bin\Qt;C:\Users\3568\AppData\Roaming\Dashlane\6.1946.0.26096\bin\Ssl;C:\Users\3568\AppData\Local\Programs\Microsoft VS Code\bin;C:\Users\3568\AppData\Roaming\Composer\vendor\bin
USERNAME=3568
OS=Windows_NT
PROCESSOR_IDENTIFIER=Intel64 Family 6 Model 142 Stepping 9, GenuineIntel



---------------  S Y S T E M  ---------------

OS: Windows 10.0 , 64 bit Build 18362 (10.0.18362.778)

CPU:total 4 (initial active 4) (2 cores per cpu, 2 threads per core) family 6 model 142 stepping 9, cmov, cx8, fxsr, mmx, sse, sse2, sse3, ssse3, sse4.1, sse4.2, popcnt, avx, avx2, aes, clmul, erms, 3dnowpref, lzcnt, ht, tsc, tscinvbit, bmi1, bmi2, adx

Memory: 4k page, physical 8251564k(771412k free), swap 13000876k(5700k free)

vm_info: OpenJDK 64-Bit Server VM (25.212-b04) for windows-amd64 JRE (1.8.0_212-release-1586-b04), built by "builder" with MS VC++ 10.0 (VS2010)

time: Fri May 01 16:23:43 2020
timezone: SE Asia Standard Time
elapsed time: 1703 seconds (0d 0h 28m 23s)

